#-----------------------------------------------------------
# Vivado v2022.2.2 (64-bit)
# SW Build 3788238 on Tue Feb 21 20:00:34 MST 2023
# IP Build 3783773 on Tue Feb 21 23:41:56 MST 2023
# Start of session at: Tue Jan 30 23:35:36 2024
# Process ID: 35136
# Current directory: C:/Users/mayan/OneDrive/Desktop/project/p20_ase_counter_t_ff
# Command line: vivado.exe -gui_launcher_event rodinguilauncherevent34620 C:\Users\mayan\OneDrive\Desktop\project\p20_ase_counter_t_ff\p20_ase_counter_t_ff.xpr
# Log file: C:/Users/mayan/OneDrive/Desktop/project/p20_ase_counter_t_ff/vivado.log
# Journal file: C:/Users/mayan/OneDrive/Desktop/project/p20_ase_counter_t_ff\vivado.jou
# Running On: mayank, OS: Windows, CPU Frequency: 2611 MHz, CPU Physical cores: 10, Host memory: 16876 MB
#-----------------------------------------------------------
start_gui
open_project C:/Users/mayan/OneDrive/Desktop/project/p20_ase_counter_t_ff/p20_ase_counter_t_ff.xpr
WARNING: [Board 49-26] cannot add Board Part xilinx.com:vek280_es:part0:1.0 available at C:/Xilinx/Vivado/2022.2/data/xhub/boards/XilinxBoardStore/boards/Xilinx/vek280/es/rev_a/1.0/board.xml as part xcve2802-vsvh1760-2lp-e-s-es1 specified in board_part file is either invalid or not available
WARNING: [Board 49-26] cannot add Board Part xilinx.com:vek280_es_revb:part0:1.0 available at C:/Xilinx/Vivado/2022.2/data/xhub/boards/XilinxBoardStore/boards/Xilinx/vek280/es/rev_b/1.0/board.xml as part xcve2802-vsvh1760-2mp-e-s-es1 specified in board_part file is either invalid or not available
WARNING: [Board 49-26] cannot add Board Part xilinx.com:vhk158_es:part0:1.0 available at C:/Xilinx/Vivado/2022.2/data/xhub/boards/XilinxBoardStore/boards/Xilinx/vhk158/es/1.0/board.xml as part xcvh1582-vsva3697-2mp-e-s-es1 specified in board_part file is either invalid or not available
WARNING: [Board 49-26] cannot add Board Part xilinx.com:vpk120_es:part0:1.2 available at C:/Xilinx/Vivado/2022.2/data/xhub/boards/XilinxBoardStore/boards/Xilinx/vpk120/es/1.2/board.xml as part xcvp1202-vsva2785-2mp-e-s-es1 specified in board_part file is either invalid or not available
WARNING: [Board 49-26] cannot add Board Part xilinx.com:vpk120_es_revb:part0:1.0 available at C:/Xilinx/Vivado/2022.2/data/xhub/boards/XilinxBoardStore/boards/Xilinx/vpk120_revb/es/1.0/board.xml as part xcvp1202-vsva2785-2mp-e-s-es1 specified in board_part file is either invalid or not available
WARNING: [Board 49-26] cannot add Board Part xilinx.com:vpk180_es:part0:1.0 available at C:/Xilinx/Vivado/2022.2/data/xhub/boards/XilinxBoardStore/boards/Xilinx/vpk180/es/1.0/board.xml as part xcvp1802-lsvc4072-2mp-e-s-es1 specified in board_part file is either invalid or not available
WARNING: [Board 49-26] cannot add Board Part xilinx.com:zcu208ld:part0:2.0 available at C:/Xilinx/Vivado/2022.2/data/xhub/boards/XilinxBoardStore/boards/Xilinx/zcu208ld/production/2.0/board.xml as part xczu58dr-fsvg1517-2-i specified in board_part file is either invalid or not available
WARNING: [Board 49-26] cannot add Board Part xilinx.com:zcu216ld:part0:2.0 available at C:/Xilinx/Vivado/2022.2/data/xhub/boards/XilinxBoardStore/boards/Xilinx/zcu216ld/production/2.0/board.xml as part xczu59dr-ffvf1760-2-i specified in board_part file is either invalid or not available
WARNING: [Board 49-26] cannot add Board Part xilinx.com:zcu670:part0:2.0 available at C:/Xilinx/Vivado/2022.2/data/xhub/boards/XilinxBoardStore/boards/Xilinx/zcu670/2.0/board.xml as part xczu67dr-fsve1156-2-i specified in board_part file is either invalid or not available
WARNING: [Board 49-26] cannot add Board Part xilinx.com:zcu670ld:part0:1.0 available at C:/Xilinx/Vivado/2022.2/data/xhub/boards/XilinxBoardStore/boards/Xilinx/zcu670ld/1.0/board.xml as part xczu57dr-fsve1156-2-i specified in board_part file is either invalid or not available
INFO: [filemgmt 56-3] Default IP Output Path : Could not find the directory 'C:/Users/mayan/OneDrive/Desktop/projectexit
INFO: [Common 17-206] Exiting Vivado at Tue Jan 30 23:36:30 2024...
es...
Finished scanning sources
INFO: [IP_Flow 19-234] Refreshing IP repositories
INFO: [IP_Flow 19-1704] No user IP repositories specified
INFO: [IP_Flow 19-2313] Loaded Vivado IP repository 'C:/Xilinx/Vivado/2022.2/data/ip'.
open_project: Time (s): cpu = 00:00:34 ; elapsed = 00:00:25 . Memory (MB): peak = 1941.199 ; gain = 344.977
exit
INFO: [Common 17-206] Exiting Vivado at Wed Jan 31 00:09:20 2024...
20_ase_counter_t_ff.srcs/sources_1/new
close [ open C:/Users/mayan/OneDrive/Desktop/project/p20_ase_counter_t_ff/p20_ase_counter_t_ff.srcs/sources_1/new/t_ff.v w ]
add_files C:/Users/mayan/OneDrive/Desktop/project/p20_ase_counter_t_ff/p20_ase_counter_t_ff.srcs/sources_1/new/t_ff.v
update_compile_order -fileset sources_1
close [ open C:/Users/mayan/OneDrive/Desktop/project/p20_ase_counter_t_ff/p20_ase_counter_t_ff.srcs/sources_1/new/counter_using_tff.v w ]
add_files C:/Users/mayan/OneDrive/Desktop/project/p20_ase_counter_t_ff/p20_ase_counter_t_ff.srcs/sources_1/new/counter_using_tff.v
update_compile_order -fileset sources_1
launch_simulation
Command: launch_simulation 
INFO: [Vivado 12-12493] Simulation top is 'counter_using_tff'
WARNING: [Vivado 12-13340] Unable to auto find GCC executables from simulator install path! (path not set)
WARNING: [Vivado 12-13277] Compiled library path does not exist: ''
INFO: [Vivado 12-5682] Launching behavioral simulation in 'C:/Users/mayan/OneDrive/Desktop/project/p20_ase_counter_t_ff/p20_ase_counter_t_ff.sim/sim_1/behav/xsim'
INFO: [SIM-utils-51] Simulation object is 'sim_1'
INFO: [SIM-utils-72] Using boost library from 'C:/Xilinx/Vivado/2022.2/tps/boost_1_72_0'
INFO: [SIM-utils-54] Inspecting design source files for 'counter_using_tff' in fileset 'sim_1'...
INFO: [USF-XSim-97] Finding global include files...
INFO: [USF-XSim-98] Fetching design files from 'sim_1'...
INFO: [USF-XSim-2] XSim::Compile design
INFO: [USF-XSim-61] Executing 'COMPILE and ANALYZE' step in 'C:/Users/mayan/OneDrive/Desktop/project/p20_ase_counter_t_ff/p20_ase_counter_t_ff.sim/sim_1/behav/xsim'
"xvlog --incr --relax -prj counter_using_tff_vlog.prj"
INFO: [VRFC 10-2263] Analyzing Verilog file "C:/Users/mayan/OneDrive/Desktop/project/p20_ase_counter_t_ff/p20_ase_counter_t_ff.srcs/sources_1/new/t_ff.v" into library xil_defaultlib
INFO: [VRFC 10-311] analyzing module t_ff
INFO: [VRFC 10-2263] Analyzing Verilog file "C:/Users/mayan/OneDrive/Desktop/project/p20_ase_counter_t_ff/p20_ase_counter_t_ff.srcs/sources_1/new/counter_using_tff.v" into library xil_defaultlib
INFO: [VRFC 10-311] analyzing module counter_using_tff
INFO: [VRFC 10-2263] Analyzing Verilog file "C:/Users/mayan/OneDrive/Desktop/project/p20_ase_counter_t_ff/p20_ase_counter_t_ff.sim/sim_1/behav/xsim/glbl.v" into library xil_defaultlib
INFO: [VRFC 10-311] analyzing module glbl
INFO: [USF-XSim-69] 'compile' step finished in '3' seconds
INFO: [USF-XSim-3] XSim::Elaborate design
INFO: [USF-XSim-61] Executing 'ELABORATE' step in 'C:/Users/mayan/OneDrive/Desktop/project/p20_ase_counter_t_ff/p20_ase_counter_t_ff.sim/sim_1/behav/xsim'
"xelab --incr --debug typical --relax --mt 2 -L xil_defaultlib -L unisims_ver -L unimacro_ver -L secureip --snapshot counter_using_tff_behav xil_defaultlib.counter_using_tff xil_defaultlib.glbl -log elaborate.log"
Vivado Simulator v2022.2.2
Copyright 1986-1999, 2001-2022 Xilinx, Inc. All Rights Reserved.
Running: C:/Xilinx/Vivado/2022.2/bin/unwrapped/win64.o/xelab.exe --incr --debug typical --relax --mt 2 -L xil_defaultlib -L unisims_ver -L unimacro_ver -L secureip --snapshot counter_using_tff_behav xil_defaultlib.counter_using_tff xil_defaultlib.glbl -log elaborate.log 
Using 2 slave threads.
Starting static elaboration
Pass Through NonSizing Optimizer
Completed static elaboration
Starting simulation data flow analysis
Completed simulation data flow analysis
Time Resolution for simulation is 1ps
Compiling module xil_defaultlib.t_ff
Compiling module xil_defaultlib.counter_using_tff
Compiling module xil_defaultlib.glbl
Built simulation snapshot counter_using_tff_behav
INFO: [USF-XSim-69] 'elaborate' step finished in '2' seconds
INFO: [USF-XSim-4] XSim::Simulate design
INFO: [USF-XSim-61] Executing 'SIMULATE' step in 'C:/Users/mayan/OneDrive/Desktop/project/p20_ase_counter_t_ff/p20_ase_counter_t_ff.sim/sim_1/behav/xsim'
INFO: [USF-XSim-98] *** Running xsim
   with args "counter_using_tff_behav -key {Behavioral:sim_1:Functional:counter_using_tff} -tclbatch {counter_using_tff.tcl} -log {simulate.log}"
INFO: [USF-XSim-8] Loading simulator feature
Time resolution is 1 ps
source counter_using_tff.tcl
# set curr_wave [current_wave_config]
# if { [string length $curr_wave] == 0 } {
#   if { [llength [get_objects]] > 0} {
#     add_wave /
#     set_property needs_save false [current_wave_config]
#   } else {
#      send_msg_id Add_Wave-1 WARNING "No top level signals found. Simulator will start without a wave window. If you want to open a wave window go to 'File->New Waveform Configuration' or type 'create_wave_config' in the TCL console."
#   }
# }
# run 1000ns
INFO: [USF-XSim-96] XSim completed. Design snapshot 'counter_using_tff_behav' loaded.
INFO: [USF-XSim-97] XSim simulation ran for 1000ns
launch_simulation: Time (s): cpu = 00:00:06 ; elapsed = 00:00:10 . Memory (MB): peak = 2009.594 ; gain = 28.773
update_compile_order -fileset sources_1
add_force {/counter_using_tff/clk} -radix hex {1 0ns} {0 50000ps} -repeat_every 100000ps
add_force {/counter_using_tff/rst} -radix hex {0 0ns}
add_force {/counter_using_tff/t} -radix hex {1 0ns} {0 100000ps} -repeat_every 200000ps
run 10000 ns
close_sim
INFO: [Simtcl 6-16] Simulation closed
launch_simulation
Command: launch_simulation 
INFO: [Vivado 12-12493] Simulation top is 'counter_using_tff'
WARNING: [Vivado 12-13340] Unable to auto find GCC executables from simulator install path! (path not set)
WARNING: [Vivado 12-13277] Compiled library path does not exist: ''
INFO: [Vivado 12-5682] Launching behavioral simulation in 'C:/Users/mayan/OneDrive/Desktop/project/p20_ase_counter_t_ff/p20_ase_counter_t_ff.sim/sim_1/behav/xsim'
INFO: [SIM-utils-51] Simulation object is 'sim_1'
INFO: [SIM-utils-72] Using boost library from 'C:/Xilinx/Vivado/2022.2/tps/boost_1_72_0'
INFO: [SIM-utils-54] Inspecting design source files for 'counter_using_tff' in fileset 'sim_1'...
INFO: [USF-XSim-97] Finding global include files...
INFO: [USF-XSim-98] Fetching design files from 'sim_1'...
INFO: [USF-XSim-2] XSim::Compile design
INFO: [USF-XSim-61] Executing 'COMPILE and ANALYZE' step in 'C:/Users/mayan/OneDrive/Desktop/project/p20_ase_counter_t_ff/p20_ase_counter_t_ff.sim/sim_1/behav/xsim'
"xvlog --incr --relax -prj counter_using_tff_vlog.prj"
INFO: [VRFC 10-2263] Analyzing Verilog file "C:/Users/mayan/OneDrive/Desktop/project/p20_ase_counter_t_ff/p20_ase_counter_t_ff.srcs/sources_1/new/t_ff.v" into library xil_defaultlib
INFO: [VRFC 10-311] analyzing module t_ff
INFO: [VRFC 10-2263] Analyzing Verilog file "C:/Users/mayan/OneDrive/Desktop/project/p20_ase_counter_t_ff/p20_ase_counter_t_ff.srcs/sources_1/new/counter_using_tff.v" into library xil_defaultlib
INFO: [VRFC 10-311] analyzing module counter_using_tff
INFO: [USF-XSim-69] 'compile' step finished in '3' seconds
INFO: [USF-XSim-3] XSim::Elaborate design
INFO: [USF-XSim-61] Executing 'ELABORATE' step in 'C:/Users/mayan/OneDrive/Desktop/project/p20_ase_counter_t_ff/p20_ase_counter_t_ff.sim/sim_1/behav/xsim'
"xelab --incr --debug typical --relax --mt 2 -L xil_defaultlib -L unisims_ver -L unimacro_ver -L secureip --snapshot counter_using_tff_behav xil_defaultlib.counter_using_tff xil_defaultlib.glbl -log elaborate.log"
Vivado Simulator v2022.2.2
Copyright 1986-1999, 2001-2022 Xilinx, Inc. All Rights Reserved.
Running: C:/Xilinx/Vivado/2022.2/bin/unwrapped/win64.o/xelab.exe --incr --debug typical --relax --mt 2 -L xil_defaultlib -L unisims_ver -L unimacro_ver -L secureip --snapshot counter_using_tff_behav xil_defaultlib.counter_using_tff xil_defaultlib.glbl -log elaborate.log 
Using 2 slave threads.
Starting static elaboration
Pass Through NonSizing Optimizer
Completed static elaboration
Starting simulation data flow analysis
Completed simulation data flow analysis
Time Resolution for simulation is 1ps
Compiling module xil_defaultlib.t_ff
Compiling module xil_defaultlib.counter_using_tff
Compiling module xil_defaultlib.glbl
Built simulation snapshot counter_using_tff_behav
INFO: [USF-XSim-69] 'elaborate' step finished in '3' seconds
INFO: [USF-XSim-4] XSim::Simulate design
INFO: [USF-XSim-61] Executing 'SIMULATE' step in 'C:/Users/mayan/OneDrive/Desktop/project/p20_ase_counter_t_ff/p20_ase_counter_t_ff.sim/sim_1/behav/xsim'
INFO: [USF-XSim-98] *** Running xsim
   with args "counter_using_tff_behav -key {Behavioral:sim_1:Functional:counter_using_tff} -tclbatch {counter_using_tff.tcl} -log {simulate.log}"
INFO: [USF-XSim-8] Loading simulator feature
Time resolution is 1 ps
source counter_using_tff.tcl
# set curr_wave [current_wave_config]
# if { [string length $curr_wave] == 0 } {
#   if { [llength [get_objects]] > 0} {
#     add_wave /
#     set_property needs_save false [current_wave_config]
#   } else {
#      send_msg_id Add_Wave-1 WARNING "No top level signals found. Simulator will start without a wave window. If you want to open a wave window go to 'File->New Waveform Configuration' or type 'create_wave_config' in the TCL console."
#   }
# }
# run 1000ns
INFO: [USF-XSim-96] XSim completed. Design snapshot 'counter_using_tff_behav' loaded.
INFO: [USF-XSim-97] XSim simulation ran for 1000ns
launch_simulation: Time (s): cpu = 00:00:02 ; elapsed = 00:00:08 . Memory (MB): peak = 2020.918 ; gain = 0.000
add_force {/counter_using_tff/clk} -radix hex {1 0ns} {0 50000ps} -repeat_every 100000ps
add_force {/counter_using_tff/rst} -radix hex {0 0ns} {1 500000ps} -repeat_every 1000000ps
add_force {/counter_using_tff/t} -radix hex {1 0ns} {0 100000ps} -repeat_every 200000ps
run 10000 ns
add_force {/counter_using_tff/rst} -radix hex {0 0ns}
run 10000 ns
close_sim
INFO: [Simtcl 6-16] Simulation closed
launch_simulation
Command: launch_simulation 
INFO: [Vivado 12-12493] Simulation top is 'counter_using_tff'
WARNING: [Vivado 12-13340] Unable to auto find GCC executables from simulator install path! (path not set)
WARNING: [Vivado 12-13277] Compiled library path does not exist: ''
INFO: [Vivado 12-5682] Launching behavioral simulation in 'C:/Users/mayan/OneDrive/Desktop/project/p20_ase_counter_t_ff/p20_ase_counter_t_ff.sim/sim_1/behav/xsim'
INFO: [SIM-utils-51] Simulation object is 'sim_1'
INFO: [SIM-utils-72] Using boost library from 'C:/Xilinx/Vivado/2022.2/tps/boost_1_72_0'
INFO: [SIM-utils-54] Inspecting design source files for 'counter_using_tff' in fileset 'sim_1'...
INFO: [USF-XSim-97] Finding global include files...
INFO: [USF-XSim-98] Fetching design files from 'sim_1'...
INFO: [USF-XSim-2] XSim::Compile design
INFO: [USF-XSim-61] Executing 'COMPILE and ANALYZE' step in 'C:/Users/mayan/OneDrive/Desktop/project/p20_ase_counter_t_ff/p20_ase_counter_t_ff.sim/sim_1/behav/xsim'
"xvlog --incr --relax -prj counter_using_tff_vlog.prj"
INFO: [VRFC 10-2263] Analyzing Verilog file "C:/Users/mayan/OneDrive/Desktop/project/p20_ase_counter_t_ff/p20_ase_counter_t_ff.srcs/sources_1/new/t_ff.v" into library xil_defaultlib
INFO: [VRFC 10-311] analyzing module t_ff
INFO: [VRFC 10-2263] Analyzing Verilog file "C:/Users/mayan/OneDrive/Desktop/project/p20_ase_counter_t_ff/p20_ase_counter_t_ff.srcs/sources_1/new/counter_using_tff.v" into library xil_defaultlib
INFO: [VRFC 10-311] analyzing module counter_using_tff
INFO: [USF-XSim-69] 'compile' step finished in '2' seconds
INFO: [USF-XSim-3] XSim::Elaborate design
INFO: [USF-XSim-61] Executing 'ELABORATE' step in 'C:/Users/mayan/OneDrive/Desktop/project/p20_ase_counter_t_ff/p20_ase_counter_t_ff.sim/sim_1/behav/xsim'
"xelab --incr --debug typical --relax --mt 2 -L xil_defaultlib -L unisims_ver -L unimacro_ver -L secureip --snapshot counter_using_tff_behav xil_defaultlib.counter_using_tff xil_defaultlib.glbl -log elaborate.log"
Vivado Simulator v2022.2.2
Copyright 1986-1999, 2001-2022 Xilinx, Inc. All Rights Reserved.
Running: C:/Xilinx/Vivado/2022.2/bin/unwrapped/win64.o/xelab.exe --incr --debug typical --relax --mt 2 -L xil_defaultlib -L unisims_ver -L unimacro_ver -L secureip --snapshot counter_using_tff_behav xil_defaultlib.counter_using_tff xil_defaultlib.glbl -log elaborate.log 
Using 2 slave threads.
Starting static elaboration
Pass Through NonSizing Optimizer
Completed static elaboration
Starting simulation data flow analysis
Completed simulation data flow analysis
Time Resolution for simulation is 1ps
Compiling module xil_defaultlib.t_ff
Compiling module xil_defaultlib.counter_using_tff
Compiling module xil_defaultlib.glbl
Built simulation snapshot counter_using_tff_behav
INFO: [USF-XSim-69] 'elaborate' step finished in '3' seconds
INFO: [USF-XSim-4] XSim::Simulate design
INFO: [USF-XSim-61] Executing 'SIMULATE' step in 'C:/Users/mayan/OneDrive/Desktop/project/p20_ase_counter_t_ff/p20_ase_counter_t_ff.sim/sim_1/behav/xsim'
INFO: [USF-XSim-98] *** Running xsim
   with args "counter_using_tff_behav -key {Behavioral:sim_1:Functional:counter_using_tff} -tclbatch {counter_using_tff.tcl} -log {simulate.log}"
INFO: [USF-XSim-8] Loading simulator feature
Time resolution is 1 ps
source counter_using_tff.tcl
# set curr_wave [current_wave_config]
# if { [string length $curr_wave] == 0 } {
#   if { [llength [get_objects]] > 0} {
#     add_wave /
#     set_property needs_save false [current_wave_config]
#   } else {
#      send_msg_id Add_Wave-1 WARNING "No top level signals found. Simulator will start without a wave window. If you want to open a wave window go to 'File->New Waveform Configuration' or type 'create_wave_config' in the TCL console."
#   }
# }
# run 1000ns
INFO: [USF-XSim-96] XSim completed. Design snapshot 'counter_using_tff_behav' loaded.
INFO: [USF-XSim-97] XSim simulation ran for 1000ns
launch_simulation: Time (s): cpu = 00:00:02 ; elapsed = 00:00:10 . Memory (MB): peak = 2030.625 ; gain = 3.238
add_force {/counter_using_tff/clk} -radix hex {0 0ns} {1 50000ps} -repeat_every 100000ps
add_force {/counter_using_tff/t} -radix hex {0 0ns} {1 100000ps} -repeat_every 200000ps
run 10000 ns
close_sim
INFO: [Simtcl 6-16] Simulation closed
launch_simulation
Command: launch_simulation 
INFO: [Vivado 12-12493] Simulation top is 'counter_using_tff'
WARNING: [Vivado 12-13340] Unable to auto find GCC executables from simulator install path! (path not set)
WARNING: [Vivado 12-13277] Compiled library path does not exist: ''
INFO: [Vivado 12-5682] Launching behavioral simulation in 'C:/Users/mayan/OneDrive/Desktop/project/p20_ase_counter_t_ff/p20_ase_counter_t_ff.sim/sim_1/behav/xsim'
INFO: [SIM-utils-51] Simulation object is 'sim_1'
INFO: [SIM-utils-72] Using boost library from 'C:/Xilinx/Vivado/2022.2/tps/boost_1_72_0'
INFO: [SIM-utils-54] Inspecting design source files for 'counter_using_tff' in fileset 'sim_1'...
INFO: [USF-XSim-97] Finding global include files...
INFO: [USF-XSim-98] Fetching design files from 'sim_1'...
INFO: [USF-XSim-2] XSim::Compile design
INFO: [USF-XSim-61] Executing 'COMPILE and ANALYZE' step in 'C:/Users/mayan/OneDrive/Desktop/project/p20_ase_counter_t_ff/p20_ase_counter_t_ff.sim/sim_1/behav/xsim'
"xvlog --incr --relax -prj counter_using_tff_vlog.prj"
INFO: [VRFC 10-2263] Analyzing Verilog file "C:/Users/mayan/OneDrive/Desktop/project/p20_ase_counter_t_ff/p20_ase_counter_t_ff.srcs/sources_1/new/t_ff.v" into library xil_defaultlib
INFO: [VRFC 10-311] analyzing module t_ff
INFO: [VRFC 10-2263] Analyzing Verilog file "C:/Users/mayan/OneDrive/Desktop/project/p20_ase_counter_t_ff/p20_ase_counter_t_ff.srcs/sources_1/new/counter_using_tff.v" into library xil_defaultlib
INFO: [VRFC 10-311] analyzing module counter_using_tff
INFO: [USF-XSim-69] 'compile' step finished in '2' seconds
INFO: [USF-XSim-3] XSim::Elaborate design
INFO: [USF-XSim-61] Executing 'ELABORATE' step in 'C:/Users/mayan/OneDrive/Desktop/project/p20_ase_counter_t_ff/p20_ase_counter_t_ff.sim/sim_1/behav/xsim'
"xelab --incr --debug typical --relax --mt 2 -L xil_defaultlib -L unisims_ver -L unimacro_ver -L secureip --snapshot counter_using_tff_behav xil_defaultlib.counter_using_tff xil_defaultlib.glbl -log elaborate.log"
Vivado Simulator v2022.2.2
Copyright 1986-1999, 2001-2022 Xilinx, Inc. All Rights Reserved.
Running: C:/Xilinx/Vivado/2022.2/bin/unwrapped/win64.o/xelab.exe --incr --debug typical --relax --mt 2 -L xil_defaultlib -L unisims_ver -L unimacro_ver -L secureip --snapshot counter_using_tff_behav xil_defaultlib.counter_using_tff xil_defaultlib.glbl -log elaborate.log 
Using 2 slave threads.
Starting static elaboration
Pass Through NonSizing Optimizer
ERROR: [VRFC 10-3236] concurrent assignment to a non-net 'qbar0' is not permitted [C:/Users/mayan/OneDrive/Desktop/project/p20_ase_counter_t_ff/p20_ase_counter_t_ff.srcs/sources_1/new/counter_using_tff.v:5]
ERROR: [VRFC 10-3236] concurrent assignment to a non-net 'qbar1' is not permitted [C:/Users/mayan/OneDrive/Desktop/project/p20_ase_counter_t_ff/p20_ase_counter_t_ff.srcs/sources_1/new/counter_using_tff.v:6]
ERROR: [VRFC 10-3236] concurrent assignment to a non-net 'qbar2' is not permitted [C:/Users/mayan/OneDrive/Desktop/project/p20_ase_counter_t_ff/p20_ase_counter_t_ff.srcs/sources_1/new/counter_using_tff.v:7]
ERROR: [VRFC 10-3236] concurrent assignment to a non-net 'qbar3' is not permitted [C:/Users/mayan/OneDrive/Desktop/project/p20_ase_counter_t_ff/p20_ase_counter_t_ff.srcs/sources_1/new/counter_using_tff.v:8]
ERROR: [XSIM 43-3322] Static elaboration of top level Verilog design unit(s) in library work failed.
INFO: [USF-XSim-69] 'elaborate' step finished in '3' seconds
INFO: [USF-XSim-99] Step results log file:'C:/Users/mayan/OneDrive/Desktop/project/p20_ase_counter_t_ff/p20_ase_counter_t_ff.sim/sim_1/behav/xsim/elaborate.log'
ERROR: [USF-XSim-62] 'elaborate' step failed with error(s). Please check the Tcl console output or 'C:/Users/mayan/OneDrive/Desktop/project/p20_ase_counter_t_ff/p20_ase_counter_t_ff.sim/sim_1/behav/xsim/elaborate.log' file for more information.
ERROR: [Vivado 12-4473] Detected error while running simulation. Please correct the issue and retry this operation.
launch_simulation: Time (s): cpu = 00:00:00 ; elapsed = 00:00:07 . Memory (MB): peak = 2031.391 ; gain = 0.000
ERROR: [Common 17-39] 'launch_simulation' failed due to earlier errors.
launch_simulation
Command: launch_simulation 
INFO: [Vivado 12-12493] Simulation top is 'counter_using_tff'
WARNING: [Vivado 12-13340] Unable to auto find GCC executables from simulator install path! (path not set)
WARNING: [Vivado 12-13277] Compiled library path does not exist: ''
INFO: [Vivado 12-5682] Launching behavioral simulation in 'C:/Users/mayan/OneDrive/Desktop/project/p20_ase_counter_t_ff/p20_ase_counter_t_ff.sim/sim_1/behav/xsim'
INFO: [SIM-utils-51] Simulation object is 'sim_1'
INFO: [SIM-utils-72] Using boost library from 'C:/Xilinx/Vivado/2022.2/tps/boost_1_72_0'
INFO: [SIM-utils-54] Inspecting design source files for 'counter_using_tff' in fileset 'sim_1'...
INFO: [USF-XSim-97] Finding global include files...
INFO: [USF-XSim-98] Fetching design files from 'sim_1'...
INFO: [USF-XSim-2] XSim::Compile design
INFO: [USF-XSim-61] Executing 'COMPILE and ANALYZE' step in 'C:/Users/mayan/OneDrive/Desktop/project/p20_ase_counter_t_ff/p20_ase_counter_t_ff.sim/sim_1/behav/xsim'
"xvlog --incr --relax -prj counter_using_tff_vlog.prj"
INFO: [VRFC 10-2263] Analyzing Verilog file "C:/Users/mayan/OneDrive/Desktop/project/p20_ase_counter_t_ff/p20_ase_counter_t_ff.srcs/sources_1/new/t_ff.v" into library xil_defaultlib
INFO: [VRFC 10-311] analyzing module t_ff
INFO: [VRFC 10-2263] Analyzing Verilog file "C:/Users/mayan/OneDrive/Desktop/project/p20_ase_counter_t_ff/p20_ase_counter_t_ff.srcs/sources_1/new/counter_using_tff.v" into library xil_defaultlib
INFO: [VRFC 10-311] analyzing module counter_using_tff
INFO: [USF-XSim-69] 'compile' step finished in '3' seconds
INFO: [USF-XSim-3] XSim::Elaborate design
INFO: [USF-XSim-61] Executing 'ELABORATE' step in 'C:/Users/mayan/OneDrive/Desktop/project/p20_ase_counter_t_ff/p20_ase_counter_t_ff.sim/sim_1/behav/xsim'
"xelab --incr --debug typical --relax --mt 2 -L xil_defaultlib -L unisims_ver -L unimacro_ver -L secureip --snapshot counter_using_tff_behav xil_defaultlib.counter_using_tff xil_defaultlib.glbl -log elaborate.log"
Vivado Simulator v2022.2.2
Copyright 1986-1999, 2001-2022 Xilinx, Inc. All Rights Reserved.
Running: C:/Xilinx/Vivado/2022.2/bin/unwrapped/win64.o/xelab.exe --incr --debug typical --relax --mt 2 -L xil_defaultlib -L unisims_ver -L unimacro_ver -L secureip --snapshot counter_using_tff_behav xil_defaultlib.counter_using_tff xil_defaultlib.glbl -log elaborate.log 
Using 2 slave threads.
Starting static elaboration
Pass Through NonSizing Optimizer
Completed static elaboration
Starting simulation data flow analysis
Completed simulation data flow analysis
Time Resolution for simulation is 1ps
Compiling module xil_defaultlib.t_ff
Compiling module xil_defaultlib.counter_using_tff
Compiling module xil_defaultlib.glbl
Built simulation snapshot counter_using_tff_behav
INFO: [USF-XSim-69] 'elaborate' step finished in '3' seconds
INFO: [USF-XSim-4] XSim::Simulate design
INFO: [USF-XSim-61] Executing 'SIMULATE' step in 'C:/Users/mayan/OneDrive/Desktop/project/p20_ase_counter_t_ff/p20_ase_counter_t_ff.sim/sim_1/behav/xsim'
INFO: [USF-XSim-98] *** Running xsim
   with args "counter_using_tff_behav -key {Behavioral:sim_1:Functional:counter_using_tff} -tclbatch {counter_using_tff.tcl} -log {simulate.log}"
INFO: [USF-XSim-8] Loading simulator feature
Time resolution is 1 ps
source counter_using_tff.tcl
# set curr_wave [current_wave_config]
# if { [string length $curr_wave] == 0 } {
#   if { [llength [get_objects]] > 0} {
#     add_wave /
#     set_property needs_save false [current_wave_config]
#   } else {
#      send_msg_id Add_Wave-1 WARNING "No top level signals found. Simulator will start without a wave window. If you want to open a wave window go to 'File->New Waveform Configuration' or type 'create_wave_config' in the TCL console."
#   }
# }
# run 1000ns
INFO: [USF-XSim-96] XSim completed. Design snapshot 'counter_using_tff_behav' loaded.
INFO: [USF-XSim-97] XSim simulation ran for 1000ns
launch_simulation: Time (s): cpu = 00:00:01 ; elapsed = 00:00:09 . Memory (MB): peak = 2035.316 ; gain = 3.926
add_force {/counter_using_tff/clk} -radix hex {1 0ns} {0 50000ps} -repeat_every 100000ps
add_force {/counter_using_tff/t} -radix hex {1 0ns} {0 100000ps} -repeat_every 200000ps
run 10000 ns
update_compile_order -fileset sources_1
close_sim
INFO: [Simtcl 6-16] Simulation closed
launch_simulation
Command: launch_simulation 
INFO: [Vivado 12-12493] Simulation top is 'counter_using_tff'
WARNING: [Vivado 12-13340] Unable to auto find GCC executables from simulator install path! (path not set)
WARNING: [Vivado 12-13277] Compiled library path does not exist: ''
INFO: [Vivado 12-5682] Launching behavioral simulation in 'C:/Users/mayan/OneDrive/Desktop/project/p20_ase_counter_t_ff/p20_ase_counter_t_ff.sim/sim_1/behav/xsim'
INFO: [SIM-utils-51] Simulation object is 'sim_1'
INFO: [SIM-utils-72] Using boost library from 'C:/Xilinx/Vivado/2022.2/tps/boost_1_72_0'
INFO: [SIM-utils-54] Inspecting design source files for 'counter_using_tff' in fileset 'sim_1'...
INFO: [USF-XSim-97] Finding global include files...
INFO: [USF-XSim-98] Fetching design files from 'sim_1'...
INFO: [USF-XSim-2] XSim::Compile design
INFO: [USF-XSim-61] Executing 'COMPILE and ANALYZE' step in 'C:/Users/mayan/OneDrive/Desktop/project/p20_ase_counter_t_ff/p20_ase_counter_t_ff.sim/sim_1/behav/xsim'
"xvlog --incr --relax -prj counter_using_tff_vlog.prj"
INFO: [USF-XSim-69] 'compile' step finished in '2' seconds
INFO: [USF-XSim-3] XSim::Elaborate design
INFO: [USF-XSim-61] Executing 'ELABORATE' step in 'C:/Users/mayan/OneDrive/Desktop/project/p20_ase_counter_t_ff/p20_ase_counter_t_ff.sim/sim_1/behav/xsim'
"xelab --incr --debug typical --relax --mt 2 -L xil_defaultlib -L unisims_ver -L unimacro_ver -L secureip --snapshot counter_using_tff_behav xil_defaultlib.counter_using_tff xil_defaultlib.glbl -log elaborate.log"
Vivado Simulator v2022.2.2
Copyright 1986-1999, 2001-2022 Xilinx, Inc. All Rights Reserved.
Running: C:/Xilinx/Vivado/2022.2/bin/unwrapped/win64.o/xelab.exe --incr --debug typical --relax --mt 2 -L xil_defaultlib -L unisims_ver -L unimacro_ver -L secureip --snapshot counter_using_tff_behav xil_defaultlib.counter_using_tff xil_defaultlib.glbl -log elaborate.log 
Using 2 slave threads.
Starting static elaboration
Pass Through NonSizing Optimizer
Completed static elaboration
INFO: [XSIM 43-4323] No Change in HDL. Linking previously generated obj files to create kernel
INFO: [USF-XSim-69] 'elaborate' step finished in '3' seconds
INFO: [USF-XSim-4] XSim::Simulate design
INFO: [USF-XSim-61] Executing 'SIMULATE' step in 'C:/Users/mayan/OneDrive/Desktop/project/p20_ase_counter_t_ff/p20_ase_counter_t_ff.sim/sim_1/behav/xsim'
INFO: [USF-XSim-98] *** Running xsim
   with args "counter_using_tff_behav -key {Behavioral:sim_1:Functional:counter_using_tff} -tclbatch {counter_using_tff.tcl} -log {simulate.log}"
INFO: [USF-XSim-8] Loading simulator feature
Time resolution is 1 ps
source counter_using_tff.tcl
# set curr_wave [current_wave_config]
# if { [string length $curr_wave] == 0 } {
#   if { [llength [get_objects]] > 0} {
#     add_wave /
#     set_property needs_save false [current_wave_config]
#   } else {
#      send_msg_id Add_Wave-1 WARNING "No top level signals found. Simulator will start without a wave window. If you want to open a wave window go to 'File->New Waveform Configuration' or type 'create_wave_config' in the TCL console."
#   }
# }
# run 1000ns
INFO: [USF-XSim-96] XSim completed. Design snapshot 'counter_using_tff_behav' loaded.
INFO: [USF-XSim-97] XSim simulation ran for 1000ns
launch_simulation: Time (s): cpu = 00:00:02 ; elapsed = 00:00:16 . Memory (MB): peak = 2036.891 ; gain = 1.160
export_ip_user_files -of_objects  [get_files C:/Users/mayan/OneDrive/Desktop/project/p20_ase_counter_t_ff/p20_ase_counter_t_ff.srcs/sources_1/new/counter_using_tff.v] -no_script -reset -force -quiet
remove_files  C:/Users/mayan/OneDrive/Desktop/project/p20_ase_counter_t_ff/p20_ase_counter_t_ff.srcs/sources_1/new/counter_using_tff.v
remove_files  C:/Users/mayan/OneDrive/Desktop/project/p20_ase_counter_t_ff/p20_ase_counter_t_ff.srcs/sources_1/new/counter_using_tff.v
WARNING: [Vivado 12-818] No files matched 'C:/Users/mayan/OneDrive/Desktop/project/p20_ase_counter_t_ff/p20_ase_counter_t_ff.srcs/sources_1/new/counter_using_tff.v'
file delete -force C:/Users/mayan/OneDrive/Desktop/project/p20_ase_counter_t_ff/p20_ase_counter_t_ff.srcs/sources_1/new/counter_using_tff.v
launch_simulation
Command: launch_simulation 
INFO: [Vivado 12-12493] Simulation top is 't_ff'
WARNING: [Vivado 12-13340] Unable to auto find GCC executables from simulator install path! (path not set)
boost::filesystem::remove: The process cannot access the file because it is being used by another process: "C:/Users/mayan/OneDrive/Desktop/project/p20_ase_counter_t_ff/p20_ase_counter_t_ff.sim/sim_1/behav/xsim/simulate.log"
launch_simulation
Command: launch_simulation 
INFO: [Vivado 12-12493] Simulation top is 't_ff'
WARNING: [Vivado 12-13340] Unable to auto find GCC executables from simulator install path! (path not set)
boost::filesystem::remove: The process cannot access the file because it is being used by another process: "C:/Users/mayan/OneDrive/Desktop/project/p20_ase_counter_t_ff/p20_ase_counter_t_ff.sim/sim_1/behav/xsim/simulate.log"
close_sim
INFO: [Simtcl 6-16] Simulation closed
exit
INFO: [Common 17-206] Exiting Vivado at Wed Jan 31 00:09:14 2024...
